{
  "C:/Users/3tons/Desktop/React/React/components/src/managers/reducers/index.ts": {
    "path": "C:/Users/3tons/Desktop/React/React/components/src/managers/reducers/index.ts",
    "statementMap": {
      "0": {
        "start": {
          "line": 1,
          "column": 41
        },
        "end": {
          "line": 8,
          "column": 21
        }
      },
      "1": {
        "start": {
          "line": 2,
          "column": 2
        },
        "end": {
          "line": 2,
          "column": 34
        }
      },
      "2": {
        "start": {
          "line": 3,
          "column": 2
        },
        "end": {
          "line": 3,
          "column": 36
        }
      },
      "3": {
        "start": {
          "line": 4,
          "column": 2
        },
        "end": {
          "line": 4,
          "column": 41
        }
      },
      "4": {
        "start": {
          "line": 5,
          "column": 2
        },
        "end": {
          "line": 5,
          "column": 32
        }
      },
      "5": {
        "start": {
          "line": 6,
          "column": 2
        },
        "end": {
          "line": 6,
          "column": 32
        }
      },
      "6": {
        "start": {
          "line": 7,
          "column": 2
        },
        "end": {
          "line": 7,
          "column": 22
        }
      }
    },
    "fnMap": {
      "0": {
        "name": "(anonymous_0)",
        "decl": {
          "start": {
            "line": 1,
            "column": 42
          },
          "end": {
            "line": 1,
            "column": 43
          }
        },
        "loc": {
          "start": {
            "line": 1,
            "column": 60
          },
          "end": {
            "line": 8,
            "column": 1
          }
        },
        "line": 1
      }
    },
    "branchMap": {
      "0": {
        "loc": {
          "start": {
            "line": 8,
            "column": 3
          },
          "end": {
            "line": 8,
            "column": 20
          }
        },
        "type": "binary-expr",
        "locations": [
          {
            "start": {
              "line": 8,
              "column": 3
            },
            "end": {
              "line": 8,
              "column": 14
            }
          },
          {
            "start": {
              "line": 8,
              "column": 18
            },
            "end": {
              "line": 8,
              "column": 20
            }
          }
        ],
        "line": 8
      }
    },
    "s": {
      "0": 25,
      "1": 25,
      "2": 25,
      "3": 25,
      "4": 25,
      "5": 25,
      "6": 25
    },
    "f": {
      "0": 25
    },
    "b": {
      "0": [
        25,
        25
      ]
    },
    "inputSourceMap": {
      "version": 3,
      "sources": [
        "C:/Users/3tons/Desktop/React/React/components/src/managers/reducers/index.ts"
      ],
      "mappings": "AAAO,WAAK,cAAL,kBAAKA,iBAAL;AACL,EAAAA,aAAA,WAAQ;AACR,EAAAA,aAAA,YAAS;AACT,EAAAA,aAAA,eAAY;AACZ,EAAAA,aAAA,UAAO;AACP,EAAAA,aAAA,UAAO;AALG,SAAAA;AAAA,GAAA;",
      "names": [
        "NameReducer"
      ]
    },
    "_coverageSchema": "1a1c01bbd47fc00a2c39e90264f33305004495a9",
    "hash": "acf8115a533db0400e59e986e30caad786993c5c"
  },
  "C:/Users/3tons/Desktop/React/React/components/src/redux/reducers/main/index.ts": {
    "path": "C:/Users/3tons/Desktop/React/React/components/src/redux/reducers/main/index.ts",
    "statementMap": {
      "0": {
        "start": {
          "line": 2,
          "column": 24
        },
        "end": {
          "line": 2,
          "column": 56
        }
      },
      "1": {
        "start": {
          "line": 4,
          "column": 28
        },
        "end": {
          "line": 6,
          "column": 1
        }
      },
      "2": {
        "start": {
          "line": 7,
          "column": 27
        },
        "end": {
          "line": 15,
          "column": 2
        }
      },
      "3": {
        "start": {
          "line": 12,
          "column": 6
        },
        "end": {
          "line": 12,
          "column": 41
        }
      },
      "4": {
        "start": {
          "line": 17,
          "column": 26
        },
        "end": {
          "line": 17,
          "column": 45
        }
      }
    },
    "fnMap": {
      "0": {
        "name": "(anonymous_0)",
        "decl": {
          "start": {
            "line": 11,
            "column": 4
          },
          "end": {
            "line": 11,
            "column": 5
          }
        },
        "loc": {
          "start": {
            "line": 11,
            "column": 26
          },
          "end": {
            "line": 13,
            "column": 5
          }
        },
        "line": 11
      }
    },
    "branchMap": {
      "0": {
        "loc": {
          "start": {
            "line": 2,
            "column": 24
          },
          "end": {
            "line": 2,
            "column": 56
          }
        },
        "type": "binary-expr",
        "locations": [
          {
            "start": {
              "line": 2,
              "column": 24
            },
            "end": {
              "line": 2,
              "column": 42
            }
          },
          {
            "start": {
              "line": 2,
              "column": 46
            },
            "end": {
              "line": 2,
              "column": 56
            }
          }
        ],
        "line": 2
      }
    },
    "s": {
      "0": 25,
      "1": 25,
      "2": 25,
      "3": 4,
      "4": 25
    },
    "f": {
      "0": 4
    },
    "b": {
      "0": [
        25,
        25
      ]
    },
    "inputSourceMap": {
      "version": 3,
      "sources": [
        "C:/Users/3tons/Desktop/React/React/components/src/redux/reducers/main/index.ts"
      ],
      "mappings": "AAAA,YAAY,gBAAgB;AAE5B,MAAM,EAAE,YAAY,IAAM,WAA8B,WACtD;AAEF,SAAS,mBAAmB;AAErB,aAAM,eAA6B;AAAA,EACxC,aAAa;AACf;AAEO,aAAM,cAAc,YAAY;AAAA,EACrC,MAAM,YAAY;AAAA,EAClB;AAAA,EACA,UAAU;AAAA,IACR,OAAO,OAAO,QAA0C;AACtD,YAAM,cAAc,OAAO;AAAA,IAC7B;AAAA,EACF;AACF,CAAC;AAED,eAAe,YAAY;AACpB,aAAM,EAAE,OAAO,IAAI,YAAY;",
      "names": []
    },
    "_coverageSchema": "1a1c01bbd47fc00a2c39e90264f33305004495a9",
    "hash": "cc2cc2a94dc55860bca3a4976fa188c62d511c27"
  },
  "C:/Users/3tons/Desktop/React/React/components/src/redux/reducers/form/index.tsx": {
    "path": "C:/Users/3tons/Desktop/React/React/components/src/redux/reducers/form/index.tsx",
    "statementMap": {
      "0": {
        "start": {
          "line": 4,
          "column": 4
        },
        "end": {
          "line": 4,
          "column": 36
        }
      },
      "1": {
        "start": {
          "line": 6,
          "column": 21
        },
        "end": {
          "line": 8,
          "column": 1
        }
      },
      "2": {
        "start": {
          "line": 9,
          "column": 25
        },
        "end": {
          "line": 17,
          "column": 2
        }
      },
      "3": {
        "start": {
          "line": 14,
          "column": 6
        },
        "end": {
          "line": 14,
          "column": 39
        }
      },
      "4": {
        "start": {
          "line": 21,
          "column": 4
        },
        "end": {
          "line": 21,
          "column": 21
        }
      }
    },
    "fnMap": {
      "0": {
        "name": "(anonymous_0)",
        "decl": {
          "start": {
            "line": 13,
            "column": 4
          },
          "end": {
            "line": 13,
            "column": 5
          }
        },
        "loc": {
          "start": {
            "line": 13,
            "column": 27
          },
          "end": {
            "line": 15,
            "column": 5
          }
        },
        "line": 13
      }
    },
    "branchMap": {
      "0": {
        "loc": {
          "start": {
            "line": 4,
            "column": 4
          },
          "end": {
            "line": 4,
            "column": 36
          }
        },
        "type": "binary-expr",
        "locations": [
          {
            "start": {
              "line": 4,
              "column": 4
            },
            "end": {
              "line": 4,
              "column": 22
            }
          },
          {
            "start": {
              "line": 4,
              "column": 26
            },
            "end": {
              "line": 4,
              "column": 36
            }
          }
        ],
        "line": 4
      }
    },
    "s": {
      "0": 25,
      "1": 25,
      "2": 25,
      "3": 3,
      "4": 25
    },
    "f": {
      "0": 3
    },
    "b": {
      "0": [
        25,
        25
      ]
    },
    "inputSourceMap": {
      "version": 3,
      "mappings": "AAAA,YAAYA,gBAAgB;AAE5B,MAAM;AAAA,EAAEC;AAAY,IAAMD,WAA8BE,WACtDF;AACF,SAASG,mBAAmB;AAI5B,MAAMC,eAA2B;AAAA,EAC/BC,OAAO;AACT;AAEO,aAAMC,YAAYL,YAAY;AAAA,EACnCM,MAAMJ,YAAYK;AAAAA,EAClBJ;AAAAA,EACAK,UAAU;AAAA,IACRC,QAAQC,OAAOC,QAA6C;AAC1DD,YAAMN,MAAMQ,KAAKD,OAAOE,OAAO;AAAA,IACjC;AAAA,EACF;AACF,CAAC;AAED,eAAeR,UAAUS;AAClB,aAAM;AAAA,EAAEL;AAAQ,IAAIJ,UAAUU",
      "names": [
        "toolkitRaw",
        "createSlice",
        "default",
        "NameReducer",
        "initialState",
        "cards",
        "formSlice",
        "name",
        "FORM",
        "reducers",
        "addCard",
        "state",
        "action",
        "push",
        "payload",
        "reducer",
        "actions"
      ],
      "sources": [
        "C:/Users/3tons/Desktop/React/React/components/src/redux/reducers/form/index.tsx"
      ],
      "file": "C:/Users/3tons/Desktop/React/React/components/src/redux/reducers/form/index.tsx"
    },
    "_coverageSchema": "1a1c01bbd47fc00a2c39e90264f33305004495a9",
    "hash": "605a71c0835d7282809fe70cb1309dc49b74e3a1"
  },
  "C:/Users/3tons/Desktop/React/React/components/src/redux/hooks/index.ts": {
    "path": "C:/Users/3tons/Desktop/React/React/components/src/redux/hooks/index.ts",
    "statementMap": {
      "0": {
        "start": {
          "line": 5,
          "column": 30
        },
        "end": {
          "line": 5,
          "column": 49
        }
      },
      "1": {
        "start": {
          "line": 5,
          "column": 36
        },
        "end": {
          "line": 5,
          "column": 49
        }
      },
      "2": {
        "start": {
          "line": 6,
          "column": 30
        },
        "end": {
          "line": 6,
          "column": 41
        }
      },
      "3": {
        "start": {
          "line": 7,
          "column": 30
        },
        "end": {
          "line": 18,
          "column": 1
        }
      },
      "4": {
        "start": {
          "line": 8,
          "column": 19
        },
        "end": {
          "line": 8,
          "column": 35
        }
      },
      "5": {
        "start": {
          "line": 9,
          "column": 22
        },
        "end": {
          "line": 9,
          "column": 73
        }
      },
      "6": {
        "start": {
          "line": 9,
          "column": 48
        },
        "end": {
          "line": 9,
          "column": 72
        }
      },
      "7": {
        "start": {
          "line": 10,
          "column": 2
        },
        "end": {
          "line": 12,
          "column": 30
        }
      },
      "8": {
        "start": {
          "line": 11,
          "column": 4
        },
        "end": {
          "line": 11,
          "column": 26
        }
      },
      "9": {
        "start": {
          "line": 13,
          "column": 2
        },
        "end": {
          "line": 17,
          "column": 4
        }
      },
      "10": {
        "start": {
          "line": 15,
          "column": 6
        },
        "end": {
          "line": 15,
          "column": 30
        }
      },
      "11": {
        "start": {
          "line": 19,
          "column": 28
        },
        "end": {
          "line": 27,
          "column": 1
        }
      },
      "12": {
        "start": {
          "line": 20,
          "column": 19
        },
        "end": {
          "line": 20,
          "column": 35
        }
      },
      "13": {
        "start": {
          "line": 21,
          "column": 2
        },
        "end": {
          "line": 26,
          "column": 4
        }
      },
      "14": {
        "start": {
          "line": 23,
          "column": 6
        },
        "end": {
          "line": 23,
          "column": 30
        }
      }
    },
    "fnMap": {
      "0": {
        "name": "(anonymous_0)",
        "decl": {
          "start": {
            "line": 5,
            "column": 30
          },
          "end": {
            "line": 5,
            "column": 31
          }
        },
        "loc": {
          "start": {
            "line": 5,
            "column": 36
          },
          "end": {
            "line": 5,
            "column": 49
          }
        },
        "line": 5
      },
      "1": {
        "name": "(anonymous_1)",
        "decl": {
          "start": {
            "line": 7,
            "column": 30
          },
          "end": {
            "line": 7,
            "column": 31
          }
        },
        "loc": {
          "start": {
            "line": 7,
            "column": 48
          },
          "end": {
            "line": 18,
            "column": 1
          }
        },
        "line": 7
      },
      "2": {
        "name": "(anonymous_2)",
        "decl": {
          "start": {
            "line": 9,
            "column": 37
          },
          "end": {
            "line": 9,
            "column": 38
          }
        },
        "loc": {
          "start": {
            "line": 9,
            "column": 48
          },
          "end": {
            "line": 9,
            "column": 72
          }
        },
        "line": 9
      },
      "3": {
        "name": "(anonymous_3)",
        "decl": {
          "start": {
            "line": 10,
            "column": 12
          },
          "end": {
            "line": 10,
            "column": 13
          }
        },
        "loc": {
          "start": {
            "line": 10,
            "column": 18
          },
          "end": {
            "line": 12,
            "column": 3
          }
        },
        "line": 10
      },
      "4": {
        "name": "(anonymous_4)",
        "decl": {
          "start": {
            "line": 14,
            "column": 12
          },
          "end": {
            "line": 14,
            "column": 13
          }
        },
        "loc": {
          "start": {
            "line": 14,
            "column": 23
          },
          "end": {
            "line": 16,
            "column": 5
          }
        },
        "line": 14
      },
      "5": {
        "name": "(anonymous_5)",
        "decl": {
          "start": {
            "line": 19,
            "column": 28
          },
          "end": {
            "line": 19,
            "column": 29
          }
        },
        "loc": {
          "start": {
            "line": 19,
            "column": 34
          },
          "end": {
            "line": 27,
            "column": 1
          }
        },
        "line": 19
      },
      "6": {
        "name": "(anonymous_6)",
        "decl": {
          "start": {
            "line": 22,
            "column": 4
          },
          "end": {
            "line": 22,
            "column": 5
          }
        },
        "loc": {
          "start": {
            "line": 22,
            "column": 14
          },
          "end": {
            "line": 24,
            "column": 5
          }
        },
        "line": 22
      }
    },
    "branchMap": {},
    "s": {
      "0": 25,
      "1": 128,
      "2": 25,
      "3": 25,
      "4": 76,
      "5": 76,
      "6": 125,
      "7": 76,
      "8": 18,
      "9": 76,
      "10": 4,
      "11": 25,
      "12": 52,
      "13": 52,
      "14": 3
    },
    "f": {
      "0": 128,
      "1": 76,
      "2": 125,
      "3": 18,
      "4": 4,
      "5": 52,
      "6": 3
    },
    "b": {},
    "inputSourceMap": {
      "version": 3,
      "sources": [
        "C:/Users/3tons/Desktop/React/React/components/src/redux/hooks/index.ts"
      ],
      "mappings": "AAAA,SAA+B,aAAa,mBAAmB;AAE/D,SAAS,cAAc;AACvB,SAAyB,WAAW,mBAAmB;AAEvD,SAAS,eAAe;AAEjB,aAAM,iBAAiB,MAAM,YAAyB;AACtD,aAAM,iBAAkD;AAMxD,aAAM,iBAAiB,CAAC,EAAE,SAAS,MAAuB;AAC/D,QAAM,WAAW,eAAe;AAChC,QAAM,cAAc,eAAe,CAAC,UAAU,MAAM,OAAO,WAAW;AAEtE,YAAU,MAAM;AACd,aAAS,WAAW;AAAA,EACtB,GAAG,CAAC,aAAa,QAAQ,CAAC;AAE1B,SAAO;AAAA,IACL,QAAQ,CAAC,UAAkB;AACzB,eAAS,OAAO,KAAK,CAAC;AAAA,IACxB;AAAA,EACF;AACF;AAEO,aAAM,eAAe,MAAM;AAChC,QAAM,WAAW,eAAe;AAChC,SAAO;AAAA,IACL,CAAC,SAAoB;AACnB,eAAS,QAAQ,IAAI,CAAC;AAAA,IACxB;AAAA,IACA,CAAC,QAAQ;AAAA,EACX;AACF;",
      "names": []
    },
    "_coverageSchema": "1a1c01bbd47fc00a2c39e90264f33305004495a9",
    "hash": "af1954c8b16034d215ee7777803de5d747719d6e"
  },
  "C:/Users/3tons/Desktop/React/React/components/src/components/search/index.tsx": {
    "path": "C:/Users/3tons/Desktop/React/React/components/src/components/search/index.tsx",
    "statementMap": {
      "0": {
        "start": {
          "line": 5,
          "column": 0
        },
        "end": {
          "line": 15,
          "column": 1
        }
      },
      "1": {
        "start": {
          "line": 6,
          "column": 2
        },
        "end": {
          "line": 8,
          "column": 3
        }
      },
      "2": {
        "start": {
          "line": 7,
          "column": 4
        },
        "end": {
          "line": 7,
          "column": 165
        }
      },
      "3": {
        "start": {
          "line": 9,
          "column": 2
        },
        "end": {
          "line": 9,
          "column": 39
        }
      },
      "4": {
        "start": {
          "line": 10,
          "column": 2
        },
        "end": {
          "line": 10,
          "column": 39
        }
      },
      "5": {
        "start": {
          "line": 11,
          "column": 2
        },
        "end": {
          "line": 13,
          "column": 4
        }
      },
      "6": {
        "start": {
          "line": 12,
          "column": 4
        },
        "end": {
          "line": 12,
          "column": 121
        }
      },
      "7": {
        "start": {
          "line": 14,
          "column": 2
        },
        "end": {
          "line": 14,
          "column": 75
        }
      },
      "8": {
        "start": {
          "line": 16,
          "column": 9
        },
        "end": {
          "line": 16,
          "column": 23
        }
      },
      "9": {
        "start": {
          "line": 20,
          "column": 25
        },
        "end": {
          "line": 48,
          "column": 1
        }
      },
      "10": {
        "start": {
          "line": 21,
          "column": 2
        },
        "end": {
          "line": 21,
          "column": 7
        }
      },
      "11": {
        "start": {
          "line": 22,
          "column": 28
        },
        "end": {
          "line": 22,
          "column": 40
        }
      },
      "12": {
        "start": {
          "line": 25,
          "column": 6
        },
        "end": {
          "line": 27,
          "column": 4
        }
      },
      "13": {
        "start": {
          "line": 28,
          "column": 23
        },
        "end": {
          "line": 31,
          "column": 14
        }
      },
      "14": {
        "start": {
          "line": 29,
          "column": 4
        },
        "end": {
          "line": 29,
          "column": 27
        }
      },
      "15": {
        "start": {
          "line": 30,
          "column": 4
        },
        "end": {
          "line": 30,
          "column": 18
        }
      },
      "16": {
        "start": {
          "line": 32,
          "column": 2
        },
        "end": {
          "line": 47,
          "column": 11
        }
      },
      "17": {
        "start": {
          "line": 33,
          "column": 118
        },
        "end": {
          "line": 33,
          "column": 142
        }
      },
      "18": {
        "start": {
          "line": 49,
          "column": 0
        },
        "end": {
          "line": 51,
          "column": 3
        }
      },
      "19": {
        "start": {
          "line": 50,
          "column": 2
        },
        "end": {
          "line": 50,
          "column": 26
        }
      },
      "20": {
        "start": {
          "line": 52,
          "column": 0
        },
        "end": {
          "line": 52,
          "column": 15
        }
      },
      "21": {
        "start": {
          "line": 54,
          "column": 0
        },
        "end": {
          "line": 54,
          "column": 30
        }
      },
      "22": {
        "start": {
          "line": 55,
          "column": 0
        },
        "end": {
          "line": 71,
          "column": 1
        }
      },
      "23": {
        "start": {
          "line": 56,
          "column": 2
        },
        "end": {
          "line": 56,
          "column": 39
        }
      },
      "24": {
        "start": {
          "line": 57,
          "column": 2
        },
        "end": {
          "line": 57,
          "column": 39
        }
      },
      "25": {
        "start": {
          "line": 58,
          "column": 2
        },
        "end": {
          "line": 70,
          "column": 5
        }
      },
      "26": {
        "start": {
          "line": 62,
          "column": 4
        },
        "end": {
          "line": 62,
          "column": 147
        }
      },
      "27": {
        "start": {
          "line": 63,
          "column": 4
        },
        "end": {
          "line": 69,
          "column": 7
        }
      },
      "28": {
        "start": {
          "line": 64,
          "column": 6
        },
        "end": {
          "line": 65,
          "column": 15
        }
      },
      "29": {
        "start": {
          "line": 65,
          "column": 8
        },
        "end": {
          "line": 65,
          "column": 15
        }
      },
      "30": {
        "start": {
          "line": 66,
          "column": 32
        },
        "end": {
          "line": 66,
          "column": 115
        }
      },
      "31": {
        "start": {
          "line": 67,
          "column": 6
        },
        "end": {
          "line": 68,
          "column": 54
        }
      },
      "32": {
        "start": {
          "line": 68,
          "column": 8
        },
        "end": {
          "line": 68,
          "column": 54
        }
      }
    },
    "fnMap": {
      "0": {
        "name": "(anonymous_0)",
        "decl": {
          "start": {
            "line": 11,
            "column": 24
          },
          "end": {
            "line": 11,
            "column": 25
          }
        },
        "loc": {
          "start": {
            "line": 11,
            "column": 38
          },
          "end": {
            "line": 13,
            "column": 3
          }
        },
        "line": 11
      },
      "1": {
        "name": "(anonymous_1)",
        "decl": {
          "start": {
            "line": 20,
            "column": 25
          },
          "end": {
            "line": 20,
            "column": 26
          }
        },
        "loc": {
          "start": {
            "line": 20,
            "column": 31
          },
          "end": {
            "line": 48,
            "column": 1
          }
        },
        "line": 20
      },
      "2": {
        "name": "(anonymous_2)",
        "decl": {
          "start": {
            "line": 28,
            "column": 35
          },
          "end": {
            "line": 28,
            "column": 36
          }
        },
        "loc": {
          "start": {
            "line": 28,
            "column": 46
          },
          "end": {
            "line": 31,
            "column": 3
          }
        },
        "line": 28
      },
      "3": {
        "name": "(anonymous_3)",
        "decl": {
          "start": {
            "line": 33,
            "column": 111
          },
          "end": {
            "line": 33,
            "column": 112
          }
        },
        "loc": {
          "start": {
            "line": 33,
            "column": 118
          },
          "end": {
            "line": 33,
            "column": 142
          }
        },
        "line": 33
      },
      "4": {
        "name": "(anonymous_4)",
        "decl": {
          "start": {
            "line": 49,
            "column": 53
          },
          "end": {
            "line": 49,
            "column": 54
          }
        },
        "loc": {
          "start": {
            "line": 49,
            "column": 64
          },
          "end": {
            "line": 51,
            "column": 1
          }
        },
        "line": 49
      },
      "5": {
        "name": "(anonymous_5)",
        "decl": {
          "start": {
            "line": 61,
            "column": 9
          },
          "end": {
            "line": 61,
            "column": 10
          }
        },
        "loc": {
          "start": {
            "line": 61,
            "column": 29
          },
          "end": {
            "line": 70,
            "column": 3
          }
        },
        "line": 61
      },
      "6": {
        "name": "(anonymous_6)",
        "decl": {
          "start": {
            "line": 63,
            "column": 27
          },
          "end": {
            "line": 63,
            "column": 28
          }
        },
        "loc": {
          "start": {
            "line": 63,
            "column": 44
          },
          "end": {
            "line": 69,
            "column": 5
          }
        },
        "line": 63
      }
    },
    "branchMap": {
      "0": {
        "loc": {
          "start": {
            "line": 5,
            "column": 0
          },
          "end": {
            "line": 15,
            "column": 1
          }
        },
        "type": "if",
        "locations": [
          {
            "start": {
              "line": 5,
              "column": 0
            },
            "end": {
              "line": 15,
              "column": 1
            }
          },
          {
            "start": {},
            "end": {}
          }
        ],
        "line": 5
      },
      "1": {
        "loc": {
          "start": {
            "line": 6,
            "column": 2
          },
          "end": {
            "line": 8,
            "column": 3
          }
        },
        "type": "if",
        "locations": [
          {
            "start": {
              "line": 6,
              "column": 2
            },
            "end": {
              "line": 8,
              "column": 3
            }
          },
          {
            "start": {},
            "end": {}
          }
        ],
        "line": 6
      },
      "2": {
        "loc": {
          "start": {
            "line": 55,
            "column": 0
          },
          "end": {
            "line": 71,
            "column": 1
          }
        },
        "type": "if",
        "locations": [
          {
            "start": {
              "line": 55,
              "column": 0
            },
            "end": {
              "line": 71,
              "column": 1
            }
          },
          {
            "start": {},
            "end": {}
          }
        ],
        "line": 55
      },
      "3": {
        "loc": {
          "start": {
            "line": 64,
            "column": 6
          },
          "end": {
            "line": 65,
            "column": 15
          }
        },
        "type": "if",
        "locations": [
          {
            "start": {
              "line": 64,
              "column": 6
            },
            "end": {
              "line": 65,
              "column": 15
            }
          },
          {
            "start": {},
            "end": {}
          }
        ],
        "line": 64
      },
      "4": {
        "loc": {
          "start": {
            "line": 67,
            "column": 6
          },
          "end": {
            "line": 68,
            "column": 54
          }
        },
        "type": "if",
        "locations": [
          {
            "start": {
              "line": 67,
              "column": 6
            },
            "end": {
              "line": 68,
              "column": 54
            }
          },
          {
            "start": {},
            "end": {}
          }
        ],
        "line": 67
      }
    },
    "s": {
      "0": 25,
      "1": 25,
      "2": 0,
      "3": 25,
      "4": 25,
      "5": 25,
      "6": 25,
      "7": 25,
      "8": 25,
      "9": 25,
      "10": 76,
      "11": 76,
      "12": 76,
      "13": 76,
      "14": 4,
      "15": 4,
      "16": 76,
      "17": 18,
      "18": 25,
      "19": 8,
      "20": 25,
      "21": 25,
      "22": 25,
      "23": 25,
      "24": 25,
      "25": 25,
      "26": 13,
      "27": 13,
      "28": 0,
      "29": 0,
      "30": 0,
      "31": 0,
      "32": 0
    },
    "f": {
      "0": 25,
      "1": 76,
      "2": 4,
      "3": 18,
      "4": 8,
      "5": 13,
      "6": 0
    },
    "b": {
      "0": [
        25,
        0
      ],
      "1": [
        0,
        25
      ],
      "2": [
        25,
        0
      ],
      "3": [
        0,
        0
      ],
      "4": [
        0,
        0
      ]
    },
    "inputSourceMap": {
      "version": 3,
      "mappings": "AAeM;;;;;;;;;;;;;;;;AAfN,SAAgBA,UAAqBC,mBAAmB;AACxD,OAAOC,WAAW;AAClB,SAASC,sBAAsB;AAExB,aAAMC,YAAsBA,MAAM;AAAAC;AACvC,QAAM,CAACC,OAAOC,QAAQ,IAAIP,SAAS,EAAE;AACrC,QAAM;AAAA,IAAEQ;AAAAA,EAAO,IAAIL,eAAe;AAAA,IAAEI;AAAAA,EAAS,CAAC;AAE9C,QAAME,eAAeR,YAAY,CAACS,UAAsC;AACtEA,UAAMC,eAAc;AACpBH,WAAOF,KAAK;AAAA,EACd,GAAG,CAACE,MAAM,CAAC;AAEX,SACE,uBAAC,UAAK,UAAUC,cACd;AAAA,2BAAC,WACC,MAAK,UACL,aAAY,aACZ,cAAa,OACb,UAAWG,OAAML,SAASK,EAAEC,OAAOP,KAAK,GACxC,OACA,WAAWJ,MAAMM,QACjB,WAAW,QAPb;AAAA;AAAA;AAAA;AAAA,WAOkB;AAAA,IAElB,uBAAC,YAAO,WAAWN,MAAMY,QAAQ,MAAK,UAAS,sBAA/C;AAAA;AAAA;AAAA;AAAA,WAEA;AAAA,OAZF;AAAA;AAAA;AAAA;AAAA,SAaA;AAEJ;AAAET,GAzBWD,WAAmB;AAAA,UAEXD,cAAc;AAAA;AAAAY,KAFtBX;AAAmB;AAAAY",
      "names": [
        "useState",
        "useCallback",
        "style",
        "useSearchEvent",
        "SearchBar",
        "_s",
        "value",
        "setValue",
        "search",
        "handleSubmit",
        "event",
        "preventDefault",
        "e",
        "target",
        "submit",
        "_c",
        "$RefreshReg$"
      ],
      "sources": [
        "C:/Users/3tons/Desktop/React/React/components/src/components/search/index.tsx"
      ],
      "file": "C:/Users/3tons/Desktop/React/React/components/src/components/search/index.tsx"
    },
    "_coverageSchema": "1a1c01bbd47fc00a2c39e90264f33305004495a9",
    "hash": "c29b3ff13f6612ad45af42eb826d9089f631428d"
  },
  "C:/Users/3tons/Desktop/React/React/components/src/components/header/index.tsx": {
    "path": "C:/Users/3tons/Desktop/React/React/components/src/components/header/index.tsx",
    "statementMap": {
      "0": {
        "start": {
          "line": 5,
          "column": 0
        },
        "end": {
          "line": 15,
          "column": 1
        }
      },
      "1": {
        "start": {
          "line": 6,
          "column": 2
        },
        "end": {
          "line": 8,
          "column": 3
        }
      },
      "2": {
        "start": {
          "line": 7,
          "column": 4
        },
        "end": {
          "line": 7,
          "column": 165
        }
      },
      "3": {
        "start": {
          "line": 9,
          "column": 2
        },
        "end": {
          "line": 9,
          "column": 39
        }
      },
      "4": {
        "start": {
          "line": 10,
          "column": 2
        },
        "end": {
          "line": 10,
          "column": 39
        }
      },
      "5": {
        "start": {
          "line": 11,
          "column": 2
        },
        "end": {
          "line": 13,
          "column": 4
        }
      },
      "6": {
        "start": {
          "line": 12,
          "column": 4
        },
        "end": {
          "line": 12,
          "column": 121
        }
      },
      "7": {
        "start": {
          "line": 14,
          "column": 2
        },
        "end": {
          "line": 14,
          "column": 75
        }
      },
      "8": {
        "start": {
          "line": 18,
          "column": 22
        },
        "end": {
          "line": 55,
          "column": 1
        }
      },
      "9": {
        "start": {
          "line": 19,
          "column": 2
        },
        "end": {
          "line": 54,
          "column": 11
        }
      },
      "10": {
        "start": {
          "line": 56,
          "column": 0
        },
        "end": {
          "line": 56,
          "column": 12
        }
      },
      "11": {
        "start": {
          "line": 58,
          "column": 0
        },
        "end": {
          "line": 58,
          "column": 27
        }
      },
      "12": {
        "start": {
          "line": 59,
          "column": 0
        },
        "end": {
          "line": 75,
          "column": 1
        }
      },
      "13": {
        "start": {
          "line": 60,
          "column": 2
        },
        "end": {
          "line": 60,
          "column": 39
        }
      },
      "14": {
        "start": {
          "line": 61,
          "column": 2
        },
        "end": {
          "line": 61,
          "column": 39
        }
      },
      "15": {
        "start": {
          "line": 62,
          "column": 2
        },
        "end": {
          "line": 74,
          "column": 5
        }
      },
      "16": {
        "start": {
          "line": 66,
          "column": 4
        },
        "end": {
          "line": 66,
          "column": 147
        }
      },
      "17": {
        "start": {
          "line": 67,
          "column": 4
        },
        "end": {
          "line": 73,
          "column": 7
        }
      },
      "18": {
        "start": {
          "line": 68,
          "column": 6
        },
        "end": {
          "line": 69,
          "column": 15
        }
      },
      "19": {
        "start": {
          "line": 69,
          "column": 8
        },
        "end": {
          "line": 69,
          "column": 15
        }
      },
      "20": {
        "start": {
          "line": 70,
          "column": 32
        },
        "end": {
          "line": 70,
          "column": 115
        }
      },
      "21": {
        "start": {
          "line": 71,
          "column": 6
        },
        "end": {
          "line": 72,
          "column": 54
        }
      },
      "22": {
        "start": {
          "line": 72,
          "column": 8
        },
        "end": {
          "line": 72,
          "column": 54
        }
      }
    },
    "fnMap": {
      "0": {
        "name": "(anonymous_0)",
        "decl": {
          "start": {
            "line": 11,
            "column": 24
          },
          "end": {
            "line": 11,
            "column": 25
          }
        },
        "loc": {
          "start": {
            "line": 11,
            "column": 38
          },
          "end": {
            "line": 13,
            "column": 3
          }
        },
        "line": 11
      },
      "1": {
        "name": "(anonymous_1)",
        "decl": {
          "start": {
            "line": 18,
            "column": 22
          },
          "end": {
            "line": 18,
            "column": 23
          }
        },
        "loc": {
          "start": {
            "line": 18,
            "column": 33
          },
          "end": {
            "line": 55,
            "column": 1
          }
        },
        "line": 18
      },
      "2": {
        "name": "(anonymous_2)",
        "decl": {
          "start": {
            "line": 65,
            "column": 9
          },
          "end": {
            "line": 65,
            "column": 10
          }
        },
        "loc": {
          "start": {
            "line": 65,
            "column": 29
          },
          "end": {
            "line": 74,
            "column": 3
          }
        },
        "line": 65
      },
      "3": {
        "name": "(anonymous_3)",
        "decl": {
          "start": {
            "line": 67,
            "column": 27
          },
          "end": {
            "line": 67,
            "column": 28
          }
        },
        "loc": {
          "start": {
            "line": 67,
            "column": 44
          },
          "end": {
            "line": 73,
            "column": 5
          }
        },
        "line": 67
      }
    },
    "branchMap": {
      "0": {
        "loc": {
          "start": {
            "line": 5,
            "column": 0
          },
          "end": {
            "line": 15,
            "column": 1
          }
        },
        "type": "if",
        "locations": [
          {
            "start": {
              "line": 5,
              "column": 0
            },
            "end": {
              "line": 15,
              "column": 1
            }
          },
          {
            "start": {},
            "end": {}
          }
        ],
        "line": 5
      },
      "1": {
        "loc": {
          "start": {
            "line": 6,
            "column": 2
          },
          "end": {
            "line": 8,
            "column": 3
          }
        },
        "type": "if",
        "locations": [
          {
            "start": {
              "line": 6,
              "column": 2
            },
            "end": {
              "line": 8,
              "column": 3
            }
          },
          {
            "start": {},
            "end": {}
          }
        ],
        "line": 6
      },
      "2": {
        "loc": {
          "start": {
            "line": 59,
            "column": 0
          },
          "end": {
            "line": 75,
            "column": 1
          }
        },
        "type": "if",
        "locations": [
          {
            "start": {
              "line": 59,
              "column": 0
            },
            "end": {
              "line": 75,
              "column": 1
            }
          },
          {
            "start": {},
            "end": {}
          }
        ],
        "line": 59
      },
      "3": {
        "loc": {
          "start": {
            "line": 68,
            "column": 6
          },
          "end": {
            "line": 69,
            "column": 15
          }
        },
        "type": "if",
        "locations": [
          {
            "start": {
              "line": 68,
              "column": 6
            },
            "end": {
              "line": 69,
              "column": 15
            }
          },
          {
            "start": {},
            "end": {}
          }
        ],
        "line": 68
      },
      "4": {
        "loc": {
          "start": {
            "line": 71,
            "column": 6
          },
          "end": {
            "line": 72,
            "column": 54
          }
        },
        "type": "if",
        "locations": [
          {
            "start": {
              "line": 71,
              "column": 6
            },
            "end": {
              "line": 72,
              "column": 54
            }
          },
          {
            "start": {},
            "end": {}
          }
        ],
        "line": 71
      }
    },
    "s": {
      "0": 25,
      "1": 25,
      "2": 0,
      "3": 25,
      "4": 25,
      "5": 25,
      "6": 25,
      "7": 25,
      "8": 25,
      "9": 46,
      "10": 25,
      "11": 25,
      "12": 25,
      "13": 25,
      "14": 25,
      "15": 25,
      "16": 18,
      "17": 18,
      "18": 0,
      "19": 0,
      "20": 0,
      "21": 0,
      "22": 0
    },
    "f": {
      "0": 25,
      "1": 46,
      "2": 18,
      "3": 0
    },
    "b": {
      "0": [
        25,
        0
      ],
      "1": [
        0,
        25
      ],
      "2": [
        25,
        0
      ],
      "3": [
        0,
        0
      ],
      "4": [
        0,
        0
      ]
    },
    "inputSourceMap": {
      "version": 3,
      "mappings": "AASQ;AATR,2BAAwB;AAAkB;AAAA;AAAA;AAAA;AAAA;AAAA;AAAA;AAAA;AAAA;AAAA;AAAA;AAAA;AAAA;AAAA;AAE1C,OAAOA,WAAW;AAGX,aAAMC,SAAiCA,CAACC,UAAwB;AACrE,SACE,uBAAC,YAAO,WAAWF,MAAMG,QACvB,iCAAC,SAAI,WAAWH,MAAMI,iBACpB;AAAA,2BAAC,QAAIF,gBAAMG,SAAX;AAAA;AAAA;AAAA;AAAA,WAAiB;AAAA,IACjB,uBAAC,SAAI,WAAWL,MAAMM,YACpB;AAAA,6BAAC,WAAQ,IAAG,KAAI,oBAAhB;AAAA;AAAA;AAAA;AAAA,aAAoB;AAAA,MACpB,uBAAC,WAAQ,IAAG,UAAS,wBAArB;AAAA;AAAA;AAAA;AAAA,aAA6B;AAAA,MAC7B,uBAAC,WAAQ,IAAG,SAAQ,oBAApB;AAAA;AAAA;AAAA;AAAA,aAAwB;AAAA,SAH1B;AAAA;AAAA;AAAA;AAAA,WAIA;AAAA,OANF;AAAA;AAAA;AAAA;AAAA,SAOA,KARF;AAAA;AAAA;AAAA;AAAA,SASA;AAEJ;AAAEC,KAbWN;AAA8B;AAAAO",
      "names": [
        "style",
        "Header",
        "props",
        "header",
        "header__wrapper",
        "title",
        "navigation",
        "_c",
        "$RefreshReg$"
      ],
      "sources": [
        "C:/Users/3tons/Desktop/React/React/components/src/components/header/index.tsx"
      ],
      "file": "C:/Users/3tons/Desktop/React/React/components/src/components/header/index.tsx"
    },
    "_coverageSchema": "1a1c01bbd47fc00a2c39e90264f33305004495a9",
    "hash": "da4221b9ae1167ae21576b5ccfc7b39c4ce258ea"
  },
  "C:/Users/3tons/Desktop/React/React/components/src/components/card/genre/index.tsx": {
    "path": "C:/Users/3tons/Desktop/React/React/components/src/components/card/genre/index.tsx",
    "statementMap": {
      "0": {
        "start": {
          "line": 5,
          "column": 0
        },
        "end": {
          "line": 15,
          "column": 1
        }
      },
      "1": {
        "start": {
          "line": 6,
          "column": 2
        },
        "end": {
          "line": 8,
          "column": 3
        }
      },
      "2": {
        "start": {
          "line": 7,
          "column": 4
        },
        "end": {
          "line": 7,
          "column": 165
        }
      },
      "3": {
        "start": {
          "line": 9,
          "column": 2
        },
        "end": {
          "line": 9,
          "column": 39
        }
      },
      "4": {
        "start": {
          "line": 10,
          "column": 2
        },
        "end": {
          "line": 10,
          "column": 39
        }
      },
      "5": {
        "start": {
          "line": 11,
          "column": 2
        },
        "end": {
          "line": 13,
          "column": 4
        }
      },
      "6": {
        "start": {
          "line": 12,
          "column": 4
        },
        "end": {
          "line": 12,
          "column": 125
        }
      },
      "7": {
        "start": {
          "line": 14,
          "column": 2
        },
        "end": {
          "line": 14,
          "column": 75
        }
      },
      "8": {
        "start": {
          "line": 17,
          "column": 21
        },
        "end": {
          "line": 23,
          "column": 1
        }
      },
      "9": {
        "start": {
          "line": 18,
          "column": 2
        },
        "end": {
          "line": 22,
          "column": 11
        }
      },
      "10": {
        "start": {
          "line": 24,
          "column": 0
        },
        "end": {
          "line": 24,
          "column": 11
        }
      },
      "11": {
        "start": {
          "line": 26,
          "column": 0
        },
        "end": {
          "line": 26,
          "column": 26
        }
      },
      "12": {
        "start": {
          "line": 27,
          "column": 0
        },
        "end": {
          "line": 43,
          "column": 1
        }
      },
      "13": {
        "start": {
          "line": 28,
          "column": 2
        },
        "end": {
          "line": 28,
          "column": 39
        }
      },
      "14": {
        "start": {
          "line": 29,
          "column": 2
        },
        "end": {
          "line": 29,
          "column": 39
        }
      },
      "15": {
        "start": {
          "line": 30,
          "column": 2
        },
        "end": {
          "line": 42,
          "column": 5
        }
      },
      "16": {
        "start": {
          "line": 34,
          "column": 4
        },
        "end": {
          "line": 34,
          "column": 151
        }
      },
      "17": {
        "start": {
          "line": 35,
          "column": 4
        },
        "end": {
          "line": 41,
          "column": 7
        }
      },
      "18": {
        "start": {
          "line": 36,
          "column": 6
        },
        "end": {
          "line": 37,
          "column": 15
        }
      },
      "19": {
        "start": {
          "line": 37,
          "column": 8
        },
        "end": {
          "line": 37,
          "column": 15
        }
      },
      "20": {
        "start": {
          "line": 38,
          "column": 32
        },
        "end": {
          "line": 38,
          "column": 115
        }
      },
      "21": {
        "start": {
          "line": 39,
          "column": 6
        },
        "end": {
          "line": 40,
          "column": 54
        }
      },
      "22": {
        "start": {
          "line": 40,
          "column": 8
        },
        "end": {
          "line": 40,
          "column": 54
        }
      }
    },
    "fnMap": {
      "0": {
        "name": "(anonymous_0)",
        "decl": {
          "start": {
            "line": 11,
            "column": 24
          },
          "end": {
            "line": 11,
            "column": 25
          }
        },
        "loc": {
          "start": {
            "line": 11,
            "column": 38
          },
          "end": {
            "line": 13,
            "column": 3
          }
        },
        "line": 11
      },
      "1": {
        "name": "(anonymous_1)",
        "decl": {
          "start": {
            "line": 17,
            "column": 21
          },
          "end": {
            "line": 17,
            "column": 22
          }
        },
        "loc": {
          "start": {
            "line": 17,
            "column": 32
          },
          "end": {
            "line": 23,
            "column": 1
          }
        },
        "line": 17
      },
      "2": {
        "name": "(anonymous_2)",
        "decl": {
          "start": {
            "line": 33,
            "column": 9
          },
          "end": {
            "line": 33,
            "column": 10
          }
        },
        "loc": {
          "start": {
            "line": 33,
            "column": 29
          },
          "end": {
            "line": 42,
            "column": 3
          }
        },
        "line": 33
      },
      "3": {
        "name": "(anonymous_3)",
        "decl": {
          "start": {
            "line": 35,
            "column": 27
          },
          "end": {
            "line": 35,
            "column": 28
          }
        },
        "loc": {
          "start": {
            "line": 35,
            "column": 44
          },
          "end": {
            "line": 41,
            "column": 5
          }
        },
        "line": 35
      }
    },
    "branchMap": {
      "0": {
        "loc": {
          "start": {
            "line": 5,
            "column": 0
          },
          "end": {
            "line": 15,
            "column": 1
          }
        },
        "type": "if",
        "locations": [
          {
            "start": {
              "line": 5,
              "column": 0
            },
            "end": {
              "line": 15,
              "column": 1
            }
          },
          {
            "start": {},
            "end": {}
          }
        ],
        "line": 5
      },
      "1": {
        "loc": {
          "start": {
            "line": 6,
            "column": 2
          },
          "end": {
            "line": 8,
            "column": 3
          }
        },
        "type": "if",
        "locations": [
          {
            "start": {
              "line": 6,
              "column": 2
            },
            "end": {
              "line": 8,
              "column": 3
            }
          },
          {
            "start": {},
            "end": {}
          }
        ],
        "line": 6
      },
      "2": {
        "loc": {
          "start": {
            "line": 27,
            "column": 0
          },
          "end": {
            "line": 43,
            "column": 1
          }
        },
        "type": "if",
        "locations": [
          {
            "start": {
              "line": 27,
              "column": 0
            },
            "end": {
              "line": 43,
              "column": 1
            }
          },
          {
            "start": {},
            "end": {}
          }
        ],
        "line": 27
      },
      "3": {
        "loc": {
          "start": {
            "line": 36,
            "column": 6
          },
          "end": {
            "line": 37,
            "column": 15
          }
        },
        "type": "if",
        "locations": [
          {
            "start": {
              "line": 36,
              "column": 6
            },
            "end": {
              "line": 37,
              "column": 15
            }
          },
          {
            "start": {},
            "end": {}
          }
        ],
        "line": 36
      },
      "4": {
        "loc": {
          "start": {
            "line": 39,
            "column": 6
          },
          "end": {
            "line": 40,
            "column": 54
          }
        },
        "type": "if",
        "locations": [
          {
            "start": {
              "line": 39,
              "column": 6
            },
            "end": {
              "line": 40,
              "column": 54
            }
          },
          {
            "start": {},
            "end": {}
          }
        ],
        "line": 39
      }
    },
    "s": {
      "0": 25,
      "1": 25,
      "2": 0,
      "3": 25,
      "4": 25,
      "5": 25,
      "6": 25,
      "7": 25,
      "8": 25,
      "9": 920,
      "10": 25,
      "11": 25,
      "12": 25,
      "13": 25,
      "14": 25,
      "15": 25,
      "16": 15,
      "17": 15,
      "18": 0,
      "19": 0,
      "20": 0,
      "21": 0,
      "22": 0
    },
    "f": {
      "0": 25,
      "1": 920,
      "2": 15,
      "3": 0
    },
    "b": {
      "0": [
        25,
        0
      ],
      "1": [
        0,
        25
      ],
      "2": [
        25,
        0
      ],
      "3": [
        0,
        0
      ],
      "4": [
        0,
        0
      ]
    },
    "inputSourceMap": {
      "version": 3,
      "mappings": "AAKS;AALT,OAAOA,oBAAkB;AAAA;AAAA;AAAA;AAAA;AAAA;AAAA;AAAA;AAAA;AAAA;AAAA;AAAA;AAAA;AAAA;AACzB,OAAOC,WAAW;AAGX,aAAMC,QAA0BA,CAACC,UAAkB;AACxD,SAAO,uBAAC,UAAK,WAAWF,MAAMG,OAAQD,gBAAMC,SAArC;AAAA;AAAA;AAAA;AAAA,SAA2C;AACpD;AAAEC,KAFWH;AAAuB;AAAAI",
      "names": [
        "React",
        "style",
        "Genre",
        "props",
        "genre",
        "_c",
        "$RefreshReg$"
      ],
      "sources": [
        "C:/Users/3tons/Desktop/React/React/components/src/components/card/genre/index.tsx"
      ],
      "file": "C:/Users/3tons/Desktop/React/React/components/src/components/card/genre/index.tsx"
    },
    "_coverageSchema": "1a1c01bbd47fc00a2c39e90264f33305004495a9",
    "hash": "4dceb6568c720ca9acb37520c9c46ea3139110a7"
  },
  "C:/Users/3tons/Desktop/React/React/components/src/components/card/cover/index.tsx": {
    "path": "C:/Users/3tons/Desktop/React/React/components/src/components/card/cover/index.tsx",
    "statementMap": {
      "0": {
        "start": {
          "line": 5,
          "column": 0
        },
        "end": {
          "line": 15,
          "column": 1
        }
      },
      "1": {
        "start": {
          "line": 6,
          "column": 2
        },
        "end": {
          "line": 8,
          "column": 3
        }
      },
      "2": {
        "start": {
          "line": 7,
          "column": 4
        },
        "end": {
          "line": 7,
          "column": 165
        }
      },
      "3": {
        "start": {
          "line": 9,
          "column": 2
        },
        "end": {
          "line": 9,
          "column": 39
        }
      },
      "4": {
        "start": {
          "line": 10,
          "column": 2
        },
        "end": {
          "line": 10,
          "column": 39
        }
      },
      "5": {
        "start": {
          "line": 11,
          "column": 2
        },
        "end": {
          "line": 13,
          "column": 4
        }
      },
      "6": {
        "start": {
          "line": 12,
          "column": 4
        },
        "end": {
          "line": 12,
          "column": 125
        }
      },
      "7": {
        "start": {
          "line": 14,
          "column": 2
        },
        "end": {
          "line": 14,
          "column": 75
        }
      },
      "8": {
        "start": {
          "line": 17,
          "column": 21
        },
        "end": {
          "line": 27,
          "column": 1
        }
      },
      "9": {
        "start": {
          "line": 18,
          "column": 2
        },
        "end": {
          "line": 26,
          "column": 11
        }
      },
      "10": {
        "start": {
          "line": 28,
          "column": 0
        },
        "end": {
          "line": 28,
          "column": 11
        }
      },
      "11": {
        "start": {
          "line": 30,
          "column": 0
        },
        "end": {
          "line": 30,
          "column": 26
        }
      },
      "12": {
        "start": {
          "line": 31,
          "column": 0
        },
        "end": {
          "line": 47,
          "column": 1
        }
      },
      "13": {
        "start": {
          "line": 32,
          "column": 2
        },
        "end": {
          "line": 32,
          "column": 39
        }
      },
      "14": {
        "start": {
          "line": 33,
          "column": 2
        },
        "end": {
          "line": 33,
          "column": 39
        }
      },
      "15": {
        "start": {
          "line": 34,
          "column": 2
        },
        "end": {
          "line": 46,
          "column": 5
        }
      },
      "16": {
        "start": {
          "line": 38,
          "column": 4
        },
        "end": {
          "line": 38,
          "column": 151
        }
      },
      "17": {
        "start": {
          "line": 39,
          "column": 4
        },
        "end": {
          "line": 45,
          "column": 7
        }
      },
      "18": {
        "start": {
          "line": 40,
          "column": 6
        },
        "end": {
          "line": 41,
          "column": 15
        }
      },
      "19": {
        "start": {
          "line": 41,
          "column": 8
        },
        "end": {
          "line": 41,
          "column": 15
        }
      },
      "20": {
        "start": {
          "line": 42,
          "column": 32
        },
        "end": {
          "line": 42,
          "column": 115
        }
      },
      "21": {
        "start": {
          "line": 43,
          "column": 6
        },
        "end": {
          "line": 44,
          "column": 54
        }
      },
      "22": {
        "start": {
          "line": 44,
          "column": 8
        },
        "end": {
          "line": 44,
          "column": 54
        }
      }
    },
    "fnMap": {
      "0": {
        "name": "(anonymous_0)",
        "decl": {
          "start": {
            "line": 11,
            "column": 24
          },
          "end": {
            "line": 11,
            "column": 25
          }
        },
        "loc": {
          "start": {
            "line": 11,
            "column": 38
          },
          "end": {
            "line": 13,
            "column": 3
          }
        },
        "line": 11
      },
      "1": {
        "name": "(anonymous_1)",
        "decl": {
          "start": {
            "line": 17,
            "column": 21
          },
          "end": {
            "line": 17,
            "column": 22
          }
        },
        "loc": {
          "start": {
            "line": 17,
            "column": 32
          },
          "end": {
            "line": 27,
            "column": 1
          }
        },
        "line": 17
      },
      "2": {
        "name": "(anonymous_2)",
        "decl": {
          "start": {
            "line": 37,
            "column": 9
          },
          "end": {
            "line": 37,
            "column": 10
          }
        },
        "loc": {
          "start": {
            "line": 37,
            "column": 29
          },
          "end": {
            "line": 46,
            "column": 3
          }
        },
        "line": 37
      },
      "3": {
        "name": "(anonymous_3)",
        "decl": {
          "start": {
            "line": 39,
            "column": 27
          },
          "end": {
            "line": 39,
            "column": 28
          }
        },
        "loc": {
          "start": {
            "line": 39,
            "column": 44
          },
          "end": {
            "line": 45,
            "column": 5
          }
        },
        "line": 39
      }
    },
    "branchMap": {
      "0": {
        "loc": {
          "start": {
            "line": 5,
            "column": 0
          },
          "end": {
            "line": 15,
            "column": 1
          }
        },
        "type": "if",
        "locations": [
          {
            "start": {
              "line": 5,
              "column": 0
            },
            "end": {
              "line": 15,
              "column": 1
            }
          },
          {
            "start": {},
            "end": {}
          }
        ],
        "line": 5
      },
      "1": {
        "loc": {
          "start": {
            "line": 6,
            "column": 2
          },
          "end": {
            "line": 8,
            "column": 3
          }
        },
        "type": "if",
        "locations": [
          {
            "start": {
              "line": 6,
              "column": 2
            },
            "end": {
              "line": 8,
              "column": 3
            }
          },
          {
            "start": {},
            "end": {}
          }
        ],
        "line": 6
      },
      "2": {
        "loc": {
          "start": {
            "line": 31,
            "column": 0
          },
          "end": {
            "line": 47,
            "column": 1
          }
        },
        "type": "if",
        "locations": [
          {
            "start": {
              "line": 31,
              "column": 0
            },
            "end": {
              "line": 47,
              "column": 1
            }
          },
          {
            "start": {},
            "end": {}
          }
        ],
        "line": 31
      },
      "3": {
        "loc": {
          "start": {
            "line": 40,
            "column": 6
          },
          "end": {
            "line": 41,
            "column": 15
          }
        },
        "type": "if",
        "locations": [
          {
            "start": {
              "line": 40,
              "column": 6
            },
            "end": {
              "line": 41,
              "column": 15
            }
          },
          {
            "start": {},
            "end": {}
          }
        ],
        "line": 40
      },
      "4": {
        "loc": {
          "start": {
            "line": 43,
            "column": 6
          },
          "end": {
            "line": 44,
            "column": 54
          }
        },
        "type": "if",
        "locations": [
          {
            "start": {
              "line": 43,
              "column": 6
            },
            "end": {
              "line": 44,
              "column": 54
            }
          },
          {
            "start": {},
            "end": {}
          }
        ],
        "line": 43
      }
    },
    "s": {
      "0": 25,
      "1": 25,
      "2": 0,
      "3": 25,
      "4": 25,
      "5": 25,
      "6": 25,
      "7": 25,
      "8": 25,
      "9": 588,
      "10": 25,
      "11": 25,
      "12": 25,
      "13": 25,
      "14": 25,
      "15": 25,
      "16": 15,
      "17": 15,
      "18": 0,
      "19": 0,
      "20": 0,
      "21": 0,
      "22": 0
    },
    "f": {
      "0": 25,
      "1": 588,
      "2": 15,
      "3": 0
    },
    "b": {
      "0": [
        25,
        0
      ],
      "1": [
        0,
        25
      ],
      "2": [
        25,
        0
      ],
      "3": [
        0,
        0
      ],
      "4": [
        0,
        0
      ]
    },
    "inputSourceMap": {
      "version": 3,
      "mappings": "AAOM;AAPN,OAAOA,oBAAkB;AAAA;AAAA;AAAA;AAAA;AAAA;AAAA;AAAA;AAAA;AAAA;AAAA;AAAA;AAAA;AAAA;AACzB,OAAOC,WAAW;AAGX,aAAMC,QAA0BA,CAACC,UAAkB;AACxD,SACE,uBAAC,SAAI,WAAWF,MAAMG,gBACpB,iCAAC,SAAI,WAAWH,MAAMI,OAAO,KAAKF,MAAME,OAAO,KAAKF,MAAMG,SAA1D;AAAA;AAAA;AAAA;AAAA,SAAgE,KADlE;AAAA;AAAA;AAAA;AAAA,SAEA;AAEJ;AAAEC,KANWL;AAAuB;AAAAM",
      "names": [
        "React",
        "style",
        "Cover",
        "props",
        "cover__wrapper",
        "cover",
        "album",
        "_c",
        "$RefreshReg$"
      ],
      "sources": [
        "C:/Users/3tons/Desktop/React/React/components/src/components/card/cover/index.tsx"
      ],
      "file": "C:/Users/3tons/Desktop/React/React/components/src/components/card/cover/index.tsx"
    },
    "_coverageSchema": "1a1c01bbd47fc00a2c39e90264f33305004495a9",
    "hash": "7eb1536c1920eb1f27a20d6af8f3615ec9224458"
  },
  "C:/Users/3tons/Desktop/React/React/components/src/managers/API/index.ts": {
    "path": "C:/Users/3tons/Desktop/React/React/components/src/managers/API/index.ts",
    "statementMap": {
      "0": {
        "start": {
          "line": 1,
          "column": 23
        },
        "end": {
          "line": 1,
          "column": 70
        }
      }
    },
    "fnMap": {},
    "branchMap": {},
    "s": {
      "0": 25
    },
    "f": {},
    "b": {},
    "inputSourceMap": {
      "version": 3,
      "sources": [
        "C:/Users/3tons/Desktop/React/React/components/src/managers/API/index.ts"
      ],
      "mappings": "AAAO,aAAM,UAAU;",
      "names": []
    },
    "_coverageSchema": "1a1c01bbd47fc00a2c39e90264f33305004495a9",
    "hash": "338d590259691ac3b4e8e0a30395b806f2f723c1"
  },
  "C:/Users/3tons/Desktop/React/React/components/src/redux/reducers/API/index.tsx": {
    "path": "C:/Users/3tons/Desktop/React/React/components/src/redux/reducers/API/index.tsx",
    "statementMap": {
      "0": {
        "start": {
          "line": 9,
          "column": 4
        },
        "end": {
          "line": 9,
          "column": 38
        }
      },
      "1": {
        "start": {
          "line": 10,
          "column": 18
        },
        "end": {
          "line": 12,
          "column": 3
        }
      },
      "2": {
        "start": {
          "line": 13,
          "column": 24
        },
        "end": {
          "line": 39,
          "column": 2
        }
      },
      "3": {
        "start": {
          "line": 19,
          "column": 25
        },
        "end": {
          "line": 38,
          "column": 3
        }
      },
      "4": {
        "start": {
          "line": 21,
          "column": 24
        },
        "end": {
          "line": 21,
          "column": 51
        }
      },
      "5": {
        "start": {
          "line": 22,
          "column": 32
        },
        "end": {
          "line": 33,
          "column": 8
        }
      },
      "6": {
        "start": {
          "line": 24,
          "column": 13
        },
        "end": {
          "line": 27,
          "column": 7
        }
      },
      "7": {
        "start": {
          "line": 36,
          "column": 21
        },
        "end": {
          "line": 36,
          "column": 29
        }
      },
      "8": {
        "start": {
          "line": 43,
          "column": 4
        },
        "end": {
          "line": 43,
          "column": 12
        }
      }
    },
    "fnMap": {
      "0": {
        "name": "(anonymous_0)",
        "decl": {
          "start": {
            "line": 19,
            "column": 13
          },
          "end": {
            "line": 19,
            "column": 14
          }
        },
        "loc": {
          "start": {
            "line": 19,
            "column": 25
          },
          "end": {
            "line": 38,
            "column": 3
          }
        },
        "line": 19
      },
      "1": {
        "name": "(anonymous_1)",
        "decl": {
          "start": {
            "line": 21,
            "column": 13
          },
          "end": {
            "line": 21,
            "column": 14
          }
        },
        "loc": {
          "start": {
            "line": 21,
            "column": 24
          },
          "end": {
            "line": 21,
            "column": 51
          }
        },
        "line": 21
      },
      "2": {
        "name": "(anonymous_2)",
        "decl": {
          "start": {
            "line": 22,
            "column": 20
          },
          "end": {
            "line": 22,
            "column": 21
          }
        },
        "loc": {
          "start": {
            "line": 22,
            "column": 32
          },
          "end": {
            "line": 33,
            "column": 8
          }
        },
        "line": 22
      },
      "3": {
        "name": "(anonymous_3)",
        "decl": {
          "start": {
            "line": 22,
            "column": 56
          },
          "end": {
            "line": 22,
            "column": 57
          }
        },
        "loc": {
          "start": {
            "line": 24,
            "column": 13
          },
          "end": {
            "line": 27,
            "column": 7
          }
        },
        "line": 24
      },
      "4": {
        "name": "(anonymous_4)",
        "decl": {
          "start": {
            "line": 36,
            "column": 13
          },
          "end": {
            "line": 36,
            "column": 14
          }
        },
        "loc": {
          "start": {
            "line": 36,
            "column": 21
          },
          "end": {
            "line": 36,
            "column": 29
          }
        },
        "line": 36
      }
    },
    "branchMap": {
      "0": {
        "loc": {
          "start": {
            "line": 9,
            "column": 4
          },
          "end": {
            "line": 9,
            "column": 38
          }
        },
        "type": "binary-expr",
        "locations": [
          {
            "start": {
              "line": 9,
              "column": 4
            },
            "end": {
              "line": 9,
              "column": 23
            }
          },
          {
            "start": {
              "line": 9,
              "column": 27
            },
            "end": {
              "line": 9,
              "column": 38
            }
          }
        ],
        "line": 9
      },
      "1": {
        "loc": {
          "start": {
            "line": 21,
            "column": 27
          },
          "end": {
            "line": 21,
            "column": 49
          }
        },
        "type": "binary-expr",
        "locations": [
          {
            "start": {
              "line": 21,
              "column": 27
            },
            "end": {
              "line": 21,
              "column": 32
            }
          },
          {
            "start": {
              "line": 21,
              "column": 36
            },
            "end": {
              "line": 21,
              "column": 49
            }
          }
        ],
        "line": 21
      },
      "2": {
        "loc": {
          "start": {
            "line": 22,
            "column": 32
          },
          "end": {
            "line": 33,
            "column": 8
          }
        },
        "type": "cond-expr",
        "locations": [
          {
            "start": {
              "line": 22,
              "column": 41
            },
            "end": {
              "line": 30,
              "column": 8
            }
          },
          {
            "start": {
              "line": 30,
              "column": 11
            },
            "end": {
              "line": 33,
              "column": 8
            }
          }
        ],
        "line": 22
      }
    },
    "s": {
      "0": 25,
      "1": 25,
      "2": 25,
      "3": 25,
      "4": 4,
      "5": 4,
      "6": 2,
      "7": 2,
      "8": 25
    },
    "f": {
      "0": 25,
      "1": 4,
      "2": 4,
      "3": 2,
      "4": 2
    },
    "b": {
      "0": [
        25,
        25
      ],
      "1": [
        4,
        4
      ],
      "2": [
        4,
        0
      ]
    },
    "inputSourceMap": {
      "version": 3,
      "mappings": "AAAA,YAAYA,iBAAiB;AAC7B,SAASC,eAAe;AAExB,SAASC,mBAAmB;AAG5B,MAAM;AAAA,EAAEC;AAAAA,EAAgBC;AAAAA,EAAgBC;AAAAA,EAAYC;AAAiB,IAAMN,YAAgCO,WACzGP;AAEF,MAAMQ,YAAYJ,eAChBC,WAAU,GACVC,iBAAiB;AAAA,EAAEG,+BAA+B;AAAK,CAAC,CAAC;AAGpD,aAAMC,WAAWF,UAAU;AAAA,EAChCG,aAAaT,YAAYU;AAAAA,EACzBC,UAAU,CAACX,YAAYY,KAAK;AAAA,EAC5BC,WAAWZ,eAAe;AAAA,IAAEa,SAASf;AAAAA,EAAQ,CAAC;AAAA,EAC9CgB,WAAYC,YAAW;AAAA,IACrBC,aAAaD,MAAME,MAAuB;AAAA,MACxCA,OAAOA,CAACC,UAAmB,GAAEA,SAAU,MAAKA;AAAAA,MAC5CC,cAAeC,YACbA,SACI,CACE,GAAGA,OAAOC,IAAI,CAAC;AAAA,QAAEC;AAAAA,MAAG,OAAO;AAAA,QAAEC,MAAMxB,YAAYY;AAAAA,QAAgBW;AAAAA,MAAG,EAAE,GACpE;AAAA,QAAEC,MAAMxB,YAAYY;AAAAA,QAAOW,IAAIvB,YAAYyB;AAAAA,MAAK,CAAC,IAEnD,CAAC;AAAA,QAAED,MAAMxB,YAAYY;AAAAA,QAAOW,IAAIvB,YAAYyB;AAAAA,MAAK,CAAC;AAAA,IAC1D,CAAC;AAAA,IACDC,SAASV,MAAME,MAAqB;AAAA,MAClCA,OAAQK,QAAQ,IAAGA;AAAAA,IACrB,CAAC;AAAA,EACH;AACF,CAAC;AAEM,aAAM;AAAA,EAAEI;AAAAA,EAAqBC;AAAgB,IAAIpB",
      "names": [
        "RTKQueryRaw",
        "BaseURL",
        "NameReducer",
        "fetchBaseQuery",
        "buildCreateApi",
        "coreModule",
        "reactHooksModule",
        "default",
        "createApi",
        "unstable__sideEffectsInRender",
        "cardsApi",
        "reducerPath",
        "CARDS_API",
        "tagTypes",
        "CARDS",
        "baseQuery",
        "baseUrl",
        "endpoints",
        "build",
        "searchCards",
        "query",
        "value",
        "providesTags",
        "result",
        "map",
        "id",
        "type",
        "LIST",
        "getCard",
        "useSearchCardsQuery",
        "useGetCardQuery"
      ],
      "sources": [
        "C:/Users/3tons/Desktop/React/React/components/src/redux/reducers/API/index.tsx"
      ],
      "file": "C:/Users/3tons/Desktop/React/React/components/src/redux/reducers/API/index.tsx"
    },
    "_coverageSchema": "1a1c01bbd47fc00a2c39e90264f33305004495a9",
    "hash": "d65b02235be6af63efdd8ee591f8bbc715bced54"
  },
  "C:/Users/3tons/Desktop/React/React/components/src/components/loader/index.tsx": {
    "path": "C:/Users/3tons/Desktop/React/React/components/src/components/loader/index.tsx",
    "statementMap": {
      "0": {
        "start": {
          "line": 5,
          "column": 0
        },
        "end": {
          "line": 15,
          "column": 1
        }
      },
      "1": {
        "start": {
          "line": 6,
          "column": 2
        },
        "end": {
          "line": 8,
          "column": 3
        }
      },
      "2": {
        "start": {
          "line": 7,
          "column": 4
        },
        "end": {
          "line": 7,
          "column": 165
        }
      },
      "3": {
        "start": {
          "line": 9,
          "column": 2
        },
        "end": {
          "line": 9,
          "column": 39
        }
      },
      "4": {
        "start": {
          "line": 10,
          "column": 2
        },
        "end": {
          "line": 10,
          "column": 39
        }
      },
      "5": {
        "start": {
          "line": 11,
          "column": 2
        },
        "end": {
          "line": 13,
          "column": 4
        }
      },
      "6": {
        "start": {
          "line": 12,
          "column": 4
        },
        "end": {
          "line": 12,
          "column": 121
        }
      },
      "7": {
        "start": {
          "line": 14,
          "column": 2
        },
        "end": {
          "line": 14,
          "column": 75
        }
      },
      "8": {
        "start": {
          "line": 17,
          "column": 22
        },
        "end": {
          "line": 47,
          "column": 1
        }
      },
      "9": {
        "start": {
          "line": 18,
          "column": 2
        },
        "end": {
          "line": 46,
          "column": 11
        }
      },
      "10": {
        "start": {
          "line": 48,
          "column": 0
        },
        "end": {
          "line": 48,
          "column": 12
        }
      },
      "11": {
        "start": {
          "line": 50,
          "column": 0
        },
        "end": {
          "line": 50,
          "column": 27
        }
      },
      "12": {
        "start": {
          "line": 51,
          "column": 0
        },
        "end": {
          "line": 67,
          "column": 1
        }
      },
      "13": {
        "start": {
          "line": 52,
          "column": 2
        },
        "end": {
          "line": 52,
          "column": 39
        }
      },
      "14": {
        "start": {
          "line": 53,
          "column": 2
        },
        "end": {
          "line": 53,
          "column": 39
        }
      },
      "15": {
        "start": {
          "line": 54,
          "column": 2
        },
        "end": {
          "line": 66,
          "column": 5
        }
      },
      "16": {
        "start": {
          "line": 58,
          "column": 4
        },
        "end": {
          "line": 58,
          "column": 147
        }
      },
      "17": {
        "start": {
          "line": 59,
          "column": 4
        },
        "end": {
          "line": 65,
          "column": 7
        }
      },
      "18": {
        "start": {
          "line": 60,
          "column": 6
        },
        "end": {
          "line": 61,
          "column": 15
        }
      },
      "19": {
        "start": {
          "line": 61,
          "column": 8
        },
        "end": {
          "line": 61,
          "column": 15
        }
      },
      "20": {
        "start": {
          "line": 62,
          "column": 32
        },
        "end": {
          "line": 62,
          "column": 115
        }
      },
      "21": {
        "start": {
          "line": 63,
          "column": 6
        },
        "end": {
          "line": 64,
          "column": 54
        }
      },
      "22": {
        "start": {
          "line": 64,
          "column": 8
        },
        "end": {
          "line": 64,
          "column": 54
        }
      }
    },
    "fnMap": {
      "0": {
        "name": "(anonymous_0)",
        "decl": {
          "start": {
            "line": 11,
            "column": 24
          },
          "end": {
            "line": 11,
            "column": 25
          }
        },
        "loc": {
          "start": {
            "line": 11,
            "column": 38
          },
          "end": {
            "line": 13,
            "column": 3
          }
        },
        "line": 11
      },
      "1": {
        "name": "(anonymous_1)",
        "decl": {
          "start": {
            "line": 17,
            "column": 22
          },
          "end": {
            "line": 17,
            "column": 23
          }
        },
        "loc": {
          "start": {
            "line": 17,
            "column": 28
          },
          "end": {
            "line": 47,
            "column": 1
          }
        },
        "line": 17
      },
      "2": {
        "name": "(anonymous_2)",
        "decl": {
          "start": {
            "line": 57,
            "column": 9
          },
          "end": {
            "line": 57,
            "column": 10
          }
        },
        "loc": {
          "start": {
            "line": 57,
            "column": 29
          },
          "end": {
            "line": 66,
            "column": 3
          }
        },
        "line": 57
      },
      "3": {
        "name": "(anonymous_3)",
        "decl": {
          "start": {
            "line": 59,
            "column": 27
          },
          "end": {
            "line": 59,
            "column": 28
          }
        },
        "loc": {
          "start": {
            "line": 59,
            "column": 44
          },
          "end": {
            "line": 65,
            "column": 5
          }
        },
        "line": 59
      }
    },
    "branchMap": {
      "0": {
        "loc": {
          "start": {
            "line": 5,
            "column": 0
          },
          "end": {
            "line": 15,
            "column": 1
          }
        },
        "type": "if",
        "locations": [
          {
            "start": {
              "line": 5,
              "column": 0
            },
            "end": {
              "line": 15,
              "column": 1
            }
          },
          {
            "start": {},
            "end": {}
          }
        ],
        "line": 5
      },
      "1": {
        "loc": {
          "start": {
            "line": 6,
            "column": 2
          },
          "end": {
            "line": 8,
            "column": 3
          }
        },
        "type": "if",
        "locations": [
          {
            "start": {
              "line": 6,
              "column": 2
            },
            "end": {
              "line": 8,
              "column": 3
            }
          },
          {
            "start": {},
            "end": {}
          }
        ],
        "line": 6
      },
      "2": {
        "loc": {
          "start": {
            "line": 51,
            "column": 0
          },
          "end": {
            "line": 67,
            "column": 1
          }
        },
        "type": "if",
        "locations": [
          {
            "start": {
              "line": 51,
              "column": 0
            },
            "end": {
              "line": 67,
              "column": 1
            }
          },
          {
            "start": {},
            "end": {}
          }
        ],
        "line": 51
      },
      "3": {
        "loc": {
          "start": {
            "line": 60,
            "column": 6
          },
          "end": {
            "line": 61,
            "column": 15
          }
        },
        "type": "if",
        "locations": [
          {
            "start": {
              "line": 60,
              "column": 6
            },
            "end": {
              "line": 61,
              "column": 15
            }
          },
          {
            "start": {},
            "end": {}
          }
        ],
        "line": 60
      },
      "4": {
        "loc": {
          "start": {
[...]
            "column": 1
          }
        },
        "type": "if",
        "locations": [
          {
            "start": {
              "line": 46,
              "column": 0
            },
            "end": {
              "line": 62,
              "column": 1
            }
          },
          {
            "start": {},
            "end": {}
          }
        ],
        "line": 46
      },
      "3": {
        "loc": {
          "start": {
            "line": 55,
            "column": 6
          },
          "end": {
            "line": 56,
            "column": 15
          }
        },
        "type": "if",
        "locations": [
          {
            "start": {
              "line": 55,
              "column": 6
            },
            "end": {
              "line": 56,
              "column": 15
            }
          },
          {
            "start": {},
            "end": {}
          }
        ],
        "line": 55
      },
      "4": {
        "loc": {
          "start": {
            "line": 58,
            "column": 6
          },
          "end": {
            "line": 59,
            "column": 54
          }
        },
        "type": "if",
        "locations": [
          {
            "start": {
              "line": 58,
              "column": 6
            },
            "end": {
              "line": 59,
              "column": 54
            }
          },
          {
            "start": {},
            "end": {}
          }
        ],
        "line": 58
      }
    },
    "s": {
      "0": 25,
      "1": 25,
      "2": 0,
      "3": 25,
      "4": 25,
      "5": 25,
      "6": 25,
      "7": 25,
      "8": 25,
      "9": 4,
      "10": 25,
      "11": 25,
      "12": 25,
      "13": 25,
      "14": 25,
      "15": 25,
      "16": 18,
      "17": 18,
      "18": 0,
      "19": 0,
      "20": 0,
      "21": 0,
      "22": 0
    },
    "f": {
      "0": 25,
      "1": 4,
      "2": 18,
      "3": 0
    },
    "b": {
      "0": [
        25,
        0
      ],
      "1": [
        0,
        25
      ],
      "2": [
        25,
        0
      ],
      "3": [
        0,
        0
      ],
      "4": [
        0,
        0
      ]
    },
    "inputSourceMap": {
      "version": 3,
      "mappings": "AAMM;AANN,OAAOA,oBAAkB;AAAA;AAAA;AAAA;AAAA;AAAA;AAAA;AAAA;AAAA;AAAA;AAAA;AAAA;AAAA;AAAA;AACzB,SAASC,YAAY;AAEd,aAAMC,eAAyBA,MAAM;AAC1C,SACE,uBAAC,SAAI,WAAU,aACb;AAAA,2BAAC,QAAG,mBAAJ;AAAA;AAAA;AAAA;AAAA,WAAO;AAAA,IACP,uBAAC,QACE;AAAA;AAAA,MAA2B;AAAA,MAAI,uBAAC,QAAK,IAAG,KAAI,oBAAb;AAAA;AAAA;AAAA;AAAA,aAAiB;AAAA,SADnD;AAAA;AAAA;AAAA;AAAA,WAEA;AAAA,OAJF;AAAA;AAAA;AAAA;AAAA,SAKA;AAEJ;AAAEC,KATWD;AAAsB;AAAAE",
      "names": [
        "React",
        "Link",
        "NotFoundPage",
        "_c",
        "$RefreshReg$"
      ],
      "sources": [
        "C:/Users/3tons/Desktop/React/React/components/src/pages/404/index.tsx"
      ],
      "file": "C:/Users/3tons/Desktop/React/React/components/src/pages/404/index.tsx"
    },
    "_coverageSchema": "1a1c01bbd47fc00a2c39e90264f33305004495a9",
    "hash": "96c2dc8ed066b01f5911b2d362b36c89ab85bb32"
  },
  "C:/Users/3tons/Desktop/React/React/components/src/components/app/App.tsx": {
    "path": "C:/Users/3tons/Desktop/React/React/components/src/components/app/App.tsx",
    "statementMap": {
      "0": {
        "start": {
          "line": 5,
          "column": 0
        },
        "end": {
          "line": 15,
          "column": 1
        }
      },
      "1": {
        "start": {
          "line": 6,
          "column": 2
        },
        "end": {
          "line": 8,
          "column": 3
        }
      },
      "2": {
        "start": {
          "line": 7,
          "column": 4
        },
        "end": {
          "line": 7,
          "column": 165
        }
      },
      "3": {
        "start": {
          "line": 9,
          "column": 2
        },
        "end": {
          "line": 9,
          "column": 39
        }
      },
      "4": {
        "start": {
          "line": 10,
          "column": 2
        },
        "end": {
          "line": 10,
          "column": 39
        }
      },
      "5": {
        "start": {
          "line": 11,
          "column": 2
        },
        "end": {
          "line": 13,
          "column": 4
        }
      },
      "6": {
        "start": {
          "line": 12,
          "column": 4
        },
        "end": {
          "line": 12,
          "column": 116
        }
      },
      "7": {
        "start": {
          "line": 14,
          "column": 2
        },
        "end": {
          "line": 14,
          "column": 75
        }
      },
      "8": {
        "start": {
          "line": 23,
          "column": 19
        },
        "end": {
          "line": 74,
          "column": 1
        }
      },
      "9": {
        "start": {
          "line": 24,
          "column": 2
        },
        "end": {
          "line": 73,
          "column": 11
        }
      },
      "10": {
        "start": {
          "line": 75,
          "column": 0
        },
        "end": {
          "line": 75,
          "column": 9
        }
      },
      "11": {
        "start": {
          "line": 77,
          "column": 0
        },
        "end": {
          "line": 77,
          "column": 24
        }
      },
      "12": {
        "start": {
          "line": 78,
          "column": 0
        },
        "end": {
          "line": 94,
          "column": 1
        }
      },
      "13": {
        "start": {
          "line": 79,
          "column": 2
        },
        "end": {
          "line": 79,
          "column": 39
        }
      },
      "14": {
        "start": {
          "line": 80,
          "column": 2
        },
        "end": {
          "line": 80,
          "column": 39
        }
      },
      "15": {
        "start": {
          "line": 81,
          "column": 2
        },
        "end": {
          "line": 93,
          "column": 5
        }
      },
      "16": {
        "start": {
          "line": 85,
          "column": 4
        },
        "end": {
          "line": 85,
          "column": 142
        }
      },
      "17": {
        "start": {
          "line": 86,
          "column": 4
        },
        "end": {
          "line": 92,
          "column": 7
        }
      },
      "18": {
        "start": {
          "line": 87,
          "column": 6
        },
        "end": {
          "line": 88,
          "column": 15
        }
      },
      "19": {
        "start": {
          "line": 88,
          "column": 8
        },
        "end": {
          "line": 88,
          "column": 15
        }
      },
      "20": {
        "start": {
          "line": 89,
          "column": 32
        },
        "end": {
          "line": 89,
          "column": 115
        }
      },
      "21": {
        "start": {
          "line": 90,
          "column": 6
        },
        "end": {
          "line": 91,
          "column": 54
        }
      },
      "22": {
        "start": {
          "line": 91,
          "column": 8
        },
        "end": {
          "line": 91,
          "column": 54
        }
      }
    },
    "fnMap": {
      "0": {
        "name": "(anonymous_0)",
        "decl": {
          "start": {
            "line": 11,
            "column": 24
          },
          "end": {
            "line": 11,
            "column": 25
          }
        },
        "loc": {
          "start": {
            "line": 11,
            "column": 38
          },
          "end": {
            "line": 13,
            "column": 3
          }
        },
        "line": 11
      },
      "1": {
        "name": "(anonymous_1)",
        "decl": {
          "start": {
            "line": 23,
            "column": 19
          },
          "end": {
            "line": 23,
            "column": 20
          }
        },
        "loc": {
          "start": {
            "line": 23,
            "column": 25
          },
          "end": {
            "line": 74,
            "column": 1
          }
        },
        "line": 23
      },
      "2": {
        "name": "(anonymous_2)",
        "decl": {
          "start": {
            "line": 84,
            "column": 9
          },
          "end": {
            "line": 84,
            "column": 10
          }
        },
        "loc": {
          "start": {
            "line": 84,
            "column": 29
          },
          "end": {
            "line": 93,
            "column": 3
          }
        },
        "line": 84
      },
      "3": {
        "name": "(anonymous_3)",
        "decl": {
          "start": {
            "line": 86,
            "column": 27
          },
          "end": {
            "line": 86,
            "column": 28
          }
        },
        "loc": {
          "start": {
            "line": 86,
            "column": 44
          },
          "end": {
            "line": 92,
            "column": 5
          }
        },
        "line": 86
      }
    },
    "branchMap": {
      "0": {
        "loc": {
          "start": {
            "line": 5,
            "column": 0
          },
          "end": {
            "line": 15,
            "column": 1
          }
        },
        "type": "if",
        "locations": [
          {
            "start": {
              "line": 5,
              "column": 0
            },
            "end": {
              "line": 15,
              "column": 1
            }
          },
          {
            "start": {},
            "end": {}
          }
        ],
        "line": 5
      },
      "1": {
        "loc": {
          "start": {
            "line": 6,
            "column": 2
          },
          "end": {
            "line": 8,
            "column": 3
          }
        },
        "type": "if",
        "locations": [
          {
            "start": {
              "line": 6,
              "column": 2
            },
            "end": {
              "line": 8,
              "column": 3
            }
          },
          {
            "start": {},
            "end": {}
          }
        ],
        "line": 6
      },
      "2": {
        "loc": {
          "start": {
            "line": 78,
            "column": 0
          },
          "end": {
            "line": 94,
            "column": 1
          }
        },
        "type": "if",
        "locations": [
          {
            "start": {
              "line": 78,
              "column": 0
            },
            "end": {
              "line": 94,
              "column": 1
            }
          },
          {
            "start": {},
            "end": {}
          }
        ],
        "line": 78
      },
      "3": {
        "loc": {
          "start": {
            "line": 87,
            "column": 6
          },
          "end": {
            "line": 88,
            "column": 15
          }
        },
        "type": "if",
        "locations": [
          {
            "start": {
              "line": 87,
              "column": 6
            },
            "end": {
              "line": 88,
              "column": 15
            }
          },
          {
            "start": {},
            "end": {}
          }
        ],
        "line": 87
      },
      "4": {
        "loc": {
          "start": {
            "line": 90,
            "column": 6
          },
          "end": {
            "line": 91,
            "column": 54
          }
        },
        "type": "if",
        "locations": [
          {
            "start": {
              "line": 90,
              "column": 6
            },
            "end": {
              "line": 91,
              "column": 54
            }
          },
          {
            "start": {},
            "end": {}
          }
        ],
        "line": 90
      }
    },
    "s": {
      "0": 25,
      "1": 25,
      "2": 0,
      "3": 25,
      "4": 25,
      "5": 25,
      "6": 25,
      "7": 25,
      "8": 25,
      "9": 50,
      "10": 25,
      "11": 25,
      "12": 25,
      "13": 25,
      "14": 25,
      "15": 25,
      "16": 13,
      "17": 13,
      "18": 0,
      "19": 0,
      "20": 0,
      "21": 0,
      "22": 0
    },
    "f": {
      "0": 25,
      "1": 50,
      "2": 13,
      "3": 0
    },
    "b": {
      "0": [
        25,
        0
      ],
      "1": [
        0,
        25
      ],
      "2": [
        25,
        0
      ],
      "3": [
        0,
        0
      ],
      "4": [
        0,
        0
      ]
    },
    "inputSourceMap": {
      "version": 3,
      "mappings": "AAY+B;AAZ/B,OAAOA,oBAAkB;AAAA;AAAA;AAAA;AAAA;AAAA;AAAA;AAAA;AAAA;AAAA;AAAA;AAAA;AAAA;AAAA;AACzB,SAASC,OAAOC,cAAc;AAC9B,OAAO;AACP,SAASC,gBAAgB;AACzB,SAASC,cAAc;AACvB,SAASC,iBAAiB;AAC1B,SAASC,gBAAgB;AACzB,SAASC,oBAAoB;AAEtB,aAAMC,MAAgBA,MAAM;AACjC,SACE,uBAAC,UACC,iCAAC,SAAM,MAAK,KAAI,SAAS,uBAAC,YAAD;AAAA;AAAA;AAAA;AAAA,SAAO,GAC9B;AAAA,2BAAC,SAAM,OAAK,MAAC,SAAS,uBAAC,cAAD;AAAA;AAAA;AAAA;AAAA,WAAS,KAA/B;AAAA;AAAA;AAAA;AAAA,WAAmC;AAAA,IACnC,uBAAC,SAAM,MAAK,SAAQ,SAAS,uBAAC,eAAD;AAAA;AAAA;AAAA;AAAA,WAAU,KAAvC;AAAA;AAAA;AAAA;AAAA,WAA2C;AAAA,IAC3C,uBAAC,SAAM,MAAK,QAAO,SAAS,uBAAC,cAAD;AAAA;AAAA;AAAA;AAAA,WAAS,KAArC;AAAA;AAAA;AAAA;AAAA,WAAyC;AAAA,IACzC,uBAAC,SAAM,MAAK,KAAI,SAAS,uBAAC,kBAAD;AAAA;AAAA;AAAA;AAAA,WAAa,KAAtC;AAAA;AAAA;AAAA;AAAA,WAA0C;AAAA,OAJ5C;AAAA;AAAA;AAAA;AAAA,SAKA,KANF;AAAA;AAAA;AAAA;AAAA,SAOA;AAEJ;AAAEC,KAXWD;AAAa;AAAAE",
      "names": [
        "React",
        "Route",
        "Routes",
        "HomePage",
        "Layout",
        "AboutPage",
        "FormPage",
        "NotFoundPage",
        "App",
        "_c",
        "$RefreshReg$"
      ],
      "sources": [
        "C:/Users/3tons/Desktop/React/React/components/src/components/app/App.tsx"
      ],
      "file": "C:/Users/3tons/Desktop/React/React/components/src/components/app/App.tsx"
    },
    "_coverageSchema": "1a1c01bbd47fc00a2c39e90264f33305004495a9",
    "hash": "6c07e99b667757bd5080763132e07848ded5e1a7"
  },
  "C:/Users/3tons/Desktop/React/React/components/src/redux/store/index.tsx": {
    "path": "C:/Users/3tons/Desktop/React/React/components/src/redux/store/index.tsx",
    "statementMap": {
      "0": {
        "start": {
          "line": 8,
          "column": 4
        },
        "end": {
          "line": 8,
          "column": 36
        }
      },
      "1": {
        "start": {
          "line": 9,
          "column": 27
        },
        "end": {
          "line": 13,
          "column": 2
        }
      },
      "2": {
        "start": {
          "line": 14,
          "column": 26
        },
        "end": {
          "line": 20,
          "column": 2
        }
      },
      "3": {
        "start": {
          "line": 14,
          "column": 46
        },
        "end": {
          "line": 20,
          "column": 2
        }
      },
      "4": {
        "start": {
          "line": 17,
          "column": 40
        },
        "end": {
          "line": 19,
          "column": 32
        }
      }
    },
    "fnMap": {
      "0": {
        "name": "(anonymous_0)",
        "decl": {
          "start": {
            "line": 14,
            "column": 26
          },
          "end": {
            "line": 14,
            "column": 27
          }
        },
        "loc": {
          "start": {
            "line": 14,
            "column": 46
          },
          "end": {
            "line": 20,
            "column": 2
          }
        },
        "line": 14
      },
      "1": {
        "name": "(anonymous_1)",
        "decl": {
          "start": {
            "line": 17,
            "column": 14
          },
          "end": {
            "line": 17,
            "column": 15
          }
        },
        "loc": {
          "start": {
            "line": 17,
            "column": 40
          },
          "end": {
            "line": 19,
            "column": 32
          }
        },
        "line": 17
      }
    },
    "branchMap": {
      "0": {
        "loc": {
          "start": {
            "line": 8,
            "column": 4
          },
          "end": {
            "line": 8,
            "column": 36
          }
        },
        "type": "binary-expr",
        "locations": [
          {
            "start": {
              "line": 8,
              "column": 4
            },
            "end": {
              "line": 8,
              "column": 22
            }
          },
          {
            "start": {
              "line": 8,
              "column": 26
            },
            "end": {
              "line": 8,
              "column": 36
            }
          }
        ],
        "line": 8
      }
    },
    "s": {
      "0": 25,
      "1": 25,
      "2": 25,
      "3": 25,
      "4": 25
    },
    "f": {
      "0": 25,
      "1": 25
    },
    "b": {
      "0": [
        25,
        25
      ]
    },
    "inputSourceMap": {
      "version": 3,
      "mappings": "AAAA,YAAYA,gBAAgB;AAC5B,SAASC,gBAAgB;AACzB,OAAOC,mBAAmB;AAC1B,OAAOC,iBAAiB;AAGxB,MAAM;AAAA,EAAEC;AAAAA,EAAgBC;AAAgB,IAAML,WAA8BM,WAC1EN;AAEK,aAAMO,cAAcF,gBAAgB;AAAA,EACzC,CAACJ,SAASO,WAAW,GAAGP,SAASQ;AAAAA,EACjCC,QAAQR;AAAAA,EACRS,MAAMR;AACR,CAAC;AAEM,aAAMS,aAAaA,CACxBC,mBAEAT,eAAe;AAAA,EACbK,SAASF;AAAAA,EACTM;AAAAA,EACAC,YAAaC,0BACXA,qBAAqB;AAAA,IAAEC,gBAAgB;AAAA,EAAM,CAAC,EAAEC,OAAOhB,SAASa,UAAU;AAC9E,CAAC",
      "names": [
        "toolkitRaw",
        "cardsApi",
        "searchReducer",
        "formReducer",
        "configureStore",
        "combineReducers",
        "default",
        "rootReducer",
        "reducerPath",
        "reducer",
        "search",
        "form",
        "setupStore",
        "preloadedState",
        "middleware",
        "getDefaultMiddleware",
        "immutableCheck",
        "concat"
      ],
      "sources": [
        "C:/Users/3tons/Desktop/React/React/components/src/redux/store/index.tsx"
      ],
      "file": "C:/Users/3tons/Desktop/React/React/components/src/redux/store/index.tsx"
    },
    "_coverageSchema": "1a1c01bbd47fc00a2c39e90264f33305004495a9",
    "hash": "8cdbfbf28aaa1428983aad0e57a99213f8112ca8"
  },
  "C:/Users/3tons/Desktop/React/React/components/src/entry-client.tsx": {
    "path": "C:/Users/3tons/Desktop/React/React/components/src/entry-client.tsx",
    "statementMap": {
      "0": {
        "start": {
          "line": 9,
          "column": 14
        },
        "end": {
          "line": 9,
          "column": 52
        }
      },
      "1": {
        "start": {
          "line": 10,
          "column": 0
        },
        "end": {
          "line": 10,
          "column": 34
        }
      },
      "2": {
        "start": {
          "line": 11,
          "column": 0
        },
        "end": {
          "line": 27,
          "column": 10
        }
      }
    },
    "fnMap": {},
    "branchMap": {},
    "s": {
      "0": 25,
      "1": 25,
      "2": 25
    },
    "f": {},
    "b": {},
    "inputSourceMap": {
      "version": 3,
      "mappings": "AAgBQ;AAhBR,OAAOA,WAAW;AAClB,SAASC,WAAW;AACpB,OAAO;AACP,SAASC,gBAAgB;AACzB,SAASC,kBAAkB;AAC3B,SAASC,mBAAmB;AAC5B,SAASC,qBAAqB;AAE9B,MAAMC,QAAQH,WAAWI,OAAOC,mBAAmB;AACnD,OAAOD,OAAOC;AAEdJ,YACEK,SAASC,eAAe,MAAM,GAC9B,uBAAC,MAAM,YAAN,EACC,iCAAC,YAAS,OACR,iCAAC,iBACC,iCAAC,SAAD;AAAA;AAAA;AAAA;AAAA,OAAI,KADN;AAAA;AAAA;AAAA;AAAA,OAEA,KAHF;AAAA;AAAA;AAAA;AAAA,OAIA,KALF;AAAA;AAAA;AAAA;AAAA,OAMA,CAAmB",
      "names": [
        "React",
        "App",
        "Provider",
        "setupStore",
        "hydrateRoot",
        "BrowserRouter",
        "store",
        "window",
        "__PRELOADED_STATE__",
        "document",
        "getElementById"
      ],
      "sources": [
        "C:/Users/3tons/Desktop/React/React/components/src/entry-client.tsx"
      ],
      "file": "C:/Users/3tons/Desktop/React/React/components/src/entry-client.tsx"
    },
    "_coverageSchema": "1a1c01bbd47fc00a2c39e90264f33305004495a9",
    "hash": "a7b03866b57c9c3127907b27321637b6222c1d66"
  }
}